
--- Run 1/10 ---
  Reached max steps (step=199).
-> Final H: 0.0066
-> Happy agents: 55 / 2005

--- Run 2/10 ---
  Reached max steps (step=199).
-> Final H: 0.0030
-> Happy agents: 60 / 2053

--- Run 3/10 ---
  Reached max steps (step=199).
-> Final H: 0.0026
-> Happy agents: 59 / 2021

--- Run 4/10 ---
  Reached max steps (step=199).
-> Final H: 0.0053
-> Happy agents: 78 / 1967

--- Run 5/10 ---
  Reached max steps (step=199).
-> Final H: 0.0111
-> Happy agents: 50 / 1968

--- Run 6/10 ---
  Reached max steps (step=199).
-> Final H: 0.0041
-> Happy agents: 65 / 1996

--- Run 7/10 ---
  Reached max steps (step=199).
-> Final H: 0.0038
-> Happy agents: 49 / 2004

--- Run 8/10 ---
  Reached max steps (step=199).
-> Final H: 0.0020
-> Happy agents: 88 / 2014

--- Run 9/10 ---
  Reached max steps (step=199).
-> Final H: 0.0068
-> Happy agents: 68 / 2011

--- Run 10/10 ---
  Reached max steps (step=199).
-> Final H: 0.0052
-> Happy agents: 49 / 1994
steps: (200,)
mean_H: (200,)
mean_happy: (200,)

Plot saved to results.png
