
--- Run 1/10 ---
  Reached max steps (step=199).
-> Final H: 0.0902
-> Happy agents: 117 / 1966

--- Run 2/10 ---
  Reached max steps (step=199).
-> Final H: 0.1384
-> Happy agents: 88 / 1991

--- Run 3/10 ---
  Reached max steps (step=199).
-> Final H: 0.0325
-> Happy agents: 111 / 2030

--- Run 4/10 ---
  Reached max steps (step=199).
-> Final H: 0.0437
-> Happy agents: 55 / 1999

--- Run 5/10 ---
  Reached max steps (step=199).
-> Final H: 0.0759
-> Happy agents: 135 / 2018

--- Run 6/10 ---
  Reached max steps (step=199).
-> Final H: 0.0559
-> Happy agents: 76 / 1998

--- Run 7/10 ---
  Reached max steps (step=199).
-> Final H: 0.1052
-> Happy agents: 61 / 2008

--- Run 8/10 ---
  Reached max steps (step=199).
-> Final H: 0.1003
-> Happy agents: 41 / 2037

--- Run 9/10 ---
  Reached max steps (step=199).
-> Final H: 0.0707
-> Happy agents: 38 / 2017

--- Run 10/10 ---
  Reached max steps (step=199).
-> Final H: 0.1363
-> Happy agents: 163 / 1989
steps: (200,)
mean_H: (200,)
mean_happy: (200,)

Plot saved to results.png
