
--- Run 1/10 ---
  Reached max steps (200).
-> Final H: 0.7139
-> Happy agents: 1827 / 2012

--- Run 2/10 ---
  Reached max steps (200).
-> Final H: 0.7110
-> Happy agents: 1908 / 2012

--- Run 3/10 ---
  Reached max steps (200).
-> Final H: 0.6749
-> Happy agents: 1794 / 2010

--- Run 4/10 ---
  Reached max steps (200).
-> Final H: 0.7272
-> Happy agents: 1799 / 1986

--- Run 5/10 ---
  Reached max steps (200).
-> Final H: 0.6711
-> Happy agents: 1903 / 2011

--- Run 6/10 ---
  Reached max steps (200).
-> Final H: 0.6765
-> Happy agents: 1798 / 1999

--- Run 7/10 ---
  Reached max steps (200).
-> Final H: 0.7111
-> Happy agents: 1531 / 2008

--- Run 8/10 ---
  Reached max steps (200).
-> Final H: 0.7184
-> Happy agents: 1748 / 2012

--- Run 9/10 ---
  Reached max steps (200).
-> Final H: 0.6926
-> Happy agents: 1817 / 1972

--- Run 10/10 ---
  Reached max steps (200).
-> Final H: 0.6412
-> Happy agents: 1881 / 1962
Traceback (most recent call last):
  File "/gpfs/home4/scur0391/projects/ABM/Run_no_solara.py", line 134, in <module>
    run_multiple_time(N=10)
    ~~~~~~~~~~~~~~~~~^^^^^^
  File "/gpfs/home4/scur0391/projects/ABM/Run_no_solara.py", line 96, in run_multiple_time
    axes[1].plot(steps, mean_happy, color="tab:green", label="Mean happy")
    ~~~~~~~~~~~~^^^^^^^^^^^^^^^^^^^^^^^^^^^^^^^^^^^^^^^^^^^^^^^^^^^^^^^^^^
  File "/gpfs/home4/scur0391/projects/ABM/.venv/lib/python3.14/site-packages/matplotlib/axes/_axes.py", line 1792, in plot
    lines = [*self._get_lines(self, *args, data=data, **kwargs)]
            ^^^^^^^^^^^^^^^^^^^^^^^^^^^^^^^^^^^^^^^^^^^^^^^^^^^^
  File "/gpfs/home4/scur0391/projects/ABM/.venv/lib/python3.14/site-packages/matplotlib/axes/_base.py", line 331, in __call__
    yield from self._plot_args(
               ~~~~~~~~~~~~~~~^
        axes, this, kwargs, ambiguous_fmt_datakey=ambiguous_fmt_datakey,
        ^^^^^^^^^^^^^^^^^^^^^^^^^^^^^^^^^^^^^^^^^^^^^^^^^^^^^^^^^^^^^^^^
        return_kwargs=return_kwargs
        ^^^^^^^^^^^^^^^^^^^^^^^^^^^
    )
    ^
  File "/gpfs/home4/scur0391/projects/ABM/.venv/lib/python3.14/site-packages/matplotlib/axes/_base.py", line 509, in _plot_args
    raise ValueError(f"x and y must have same first dimension, but "
                     f"have shapes {x.shape} and {y.shape}")
ValueError: x and y must have same first dimension, but have shapes (200,) and (201,)
